C51 COMPILER V9.60.7.0   MAIN                                                              08/30/2025 13:20:03 PAGE 1   


C51 COMPILER V9.60.7.0, COMPILATION OF MODULE MAIN
OBJECT MODULE PLACED IN .\Objects\main.obj
COMPILER INVOKED BY: C:\Keil_v5\C51\BIN\C51.EXE main.c LARGE OPTIMIZE(8,SPEED) BROWSE INCDIR(..\Include;..\Common;..\Sta
                    -rtup;..\Startup) DEFINE(FOSC_160000) DEBUG OBJECTEXTEND PRINT(.\Listings\main.lst) TABS(2) OBJECT(.\Objects\main.obj)

line level    source

   1          /*
   2              BY JUNAID ALAM
   3              LEANING NUVOTON FRON BASIC 
   4              8051 ARCHITECHTURE
   5              PART ONE
   6          */
   7          // INCLUDING LIBRARY
   8          
   9          #include "N76E003.h"
  10          #include "SFR_Macro.h"
  11          #include "Function_define.h"
  12          #include "Common.h"
  13          #include "Delay.h"
  14          #include <N76E003.H>
  15          #define delay_ms(x) Timer2_Delay500us(x*2)// USING TIMER2 FOR DELAY 
  16          
  17          
  18          
  19          void main(void)
  20          {
  21   1        P10_PushPull_Mode;// DEFINE P10 OUTPUT
  22   1        
  23   1        while(1)// infinite loop
  24   1        {
  25   2          P10=1;           // LED ON
  26   2          delay_ms(500);   // ON TIME
  27   2          P10=0;           // LED OFF
  28   2          delay_ms(500);   // OFF TIME
  29   2        }                 
  30   1      }
  31          /*
  32              HARDWARE DISCRIPTION
  33              CONNECT PIN NO 7 TO GROUNG
  34              CONNECT PIN NO 9 TO 5V POSITIVE 
  35              CONNECT LED ANODE TO PIN NO 15
  36              CONNECT LED CATHODE TO GROUND
  37          */


MODULE INFORMATION:   STATIC OVERLAYABLE
   CODE SIZE        =     34    ----
   CONSTANT SIZE    =   ----    ----
   XDATA SIZE       =   ----    ----
   PDATA SIZE       =   ----    ----
   DATA SIZE        =   ----    ----
   IDATA SIZE       =   ----    ----
   BIT SIZE         =   ----    ----
END OF MODULE INFORMATION.


C51 COMPILATION COMPLETE.  0 WARNING(S),  0 ERROR(S)
